Evaluating file n1_dvs.cmd
---> (sde:clear)
()
---> (sdegeo:set-auto-region-naming OFF)
#t
---> (sde:clear)
()
---> (define Ltot 65)
Ltot
---> (define Labs 25)
Labs
---> (define Xabs1 (/ (- Ltot Labs) 2))
Xabs1
---> (define Xabs2 (/ (+ Ltot Labs) 2))
Xabs2
---> (define T_Substrate 0.5)
T_Substrate
---> (define T_Multiplication 1.4)
T_Multiplication
---> (define T_Charge_Sheet 0.1)
T_Charge_Sheet
---> (define T_Absorber 1)
T_Absorber
---> (define T_TopGe 0.05)
T_TopGe
---> (define ySubstrate T_Substrate)
ySubstrate
---> (define yMultiplication (+ T_Multiplication T_Substrate))
yMultiplication
---> (define yCharge_Sheet (+ yMultiplication T_Charge_Sheet))
yCharge_Sheet
---> (define yAbsorber (+ yCharge_Sheet T_Absorber))
yAbsorber
---> (define yTopGe (+ yAbsorber T_TopGe))
yTopGe
---> (sdegeo:create-rectangle (position 0 0 0) (position Ltot ySubstrate 0) Silicon Substrate)
#[body 13 1]
---> (sdegeo:create-rectangle (position 0 ySubstrate 0) (position Ltot yMultiplication 0) Silicon Multiplication)
#[body 14 1]
---> (sdegeo:create-rectangle (position Xabs1 yMultiplication 0) (position Xabs2 yCharge_Sheet 0) Silicon Charge_Sheet)
#[body 15 1]
---> (sdegeo:create-rectangle (position Xabs1 yCharge_Sheet 0) (position Xabs2 yAbsorber 0) Germanium Absorber)
#[body 16 1]
---> (sdegeo:create-rectangle (position Xabs1 yAbsorber 0) (position Xabs2 yTopGe 0) Germanium TopGe)
#[body 17 1]
---> (sdegeo:define-contact-set Top 4 (color:rgb 1 0 0) ##)
()
---> (sdegeo:define-contact-set Bottom 4 (color:rgb 0 1 0) ##)
()
---> (sdegeo:set-contact (find-edge-id (position Xabs1 yTopGe 0)) Top)
#t
---> (sdegeo:set-contact (find-edge-id (position Labs 0 0)) Bottom)
#t
---> (sdedr:define-constant-profile Const.Substrate PhosphorusActiveConcentration 5e+19)
#t
---> (sdedr:define-constant-profile-region PlaceCD.Substrate Const.Substrate Substrate)
#t
---> (sdedr:define-constant-profile Const.Multiplication PhosphorusActiveConcentration 1e+15)
#t
---> (sdedr:define-constant-profile-region PlaceCD.Multiplication Const.Multiplication Multiplication)
#t
---> (sdedr:define-constant-profile Const.Charge_Sheet BoronActiveConcentration 1e+17)
#t
---> (sdedr:define-constant-profile-region PlaceCD.Charge_Sheet Const.Charge_Sheet Charge_Sheet)
#t
---> (sdedr:define-constant-profile Const.Absorber VacancyConcentration 3e+15)
#t
---> (sdedr:define-constant-profile-region PlaceCD.Absorber Const.Absorber Absorber)
#t
---> (sdedr:define-constant-profile Const.TopGe BoronActiveConcentration 5e+19)
#t
---> (sdedr:define-constant-profile-region PlaceCD.TopGe Const.TopGe TopGe)
#t
---> (sdedr:define-refeval-window RefEvalWin.Substrate Rectangle (position 0 0 0) (position Ltot ySubstrate 0))
#[body 50 1]
---> (sdedr:define-refinement-size RefinementDefinition.Substrate (/ Ltot 10) (/ T_Substrate 10) (/ Ltot 100) (/ T_Substrate 100))
#t
---> (sdedr:define-refinement-placement RefinementPlacement.Substrate RefinementDefinition.Substrate (list window RefEvalWin.Substrate))
#t
---> (sdedr:define-refeval-window RefEvalWin.Multiplication Rectangle (position 0 ySubstrate 0) (position Ltot yMultiplication 0))
#[body 51 1]
---> (sdedr:define-refinement-size RefinementDefinition.Multiplication (/ Ltot 10) (/ T_Multiplication 10) (/ Ltot 100) (/ T_Multiplication 100))
#t
---> (sdedr:define-refinement-placement RefinementPlacement.Multiplication RefinementDefinition.Multiplication (list window RefEvalWin.Multiplication))
#t
---> (sdedr:define-refeval-window RefEvalWin.Charge_Sheet Rectangle (position Xabs1 yMultiplication 0) (position Xabs2 yCharge_Sheet 0))
#[body 52 1]
---> (sdedr:define-refinement-size RefinementDefinition.Charge_Sheet (/ Labs 10) (/ T_Charge_Sheet 10) (/ Labs 100) (/ T_Charge_Sheet 100))
#t
---> (sdedr:define-refinement-placement RefinementPlacement.Charge_Sheet RefinementDefinition.Charge_Sheet (list window RefEvalWin.Charge_Sheet))
#t
---> (sdedr:define-refeval-window RefEvalWin.Absorber Rectangle (position Xabs1 yCharge_Sheet 0) (position Xabs2 yAbsorber 0))
#[body 53 1]
---> (sdedr:define-refinement-size RefinementDefinition.Absorber (/ Labs 10) (/ T_Absorber 10) (/ Labs 100) (/ T_Absorber 100))
#t
---> (sdedr:define-refinement-placement RefinementPlacement.Absorber RefinementDefinition.Absorber (list window RefEvalWin.Absorber))
#t
---> (sdedr:define-refeval-window RefEvalWin.TopGe Rectangle (position Xabs1 yAbsorber 0) (position Xabs2 yTopGe 0))
#[body 54 1]
---> (sdedr:define-refinement-size RefinementDefinition.TopGe (/ Labs 10) (/ T_TopGe 10) (/ Labs 100) (/ T_TopGe 100))
#t
---> (sdedr:define-refinement-placement RefinementPlacement.TopGe RefinementDefinition.TopGe (list window RefEvalWin.TopGe))
#t
---> (sde:set-project-name n1)
""
---> (sdesnmesh:iocontrols outputFile n1)
#t
---> (sde:set-meshing-command snmesh)
#t
---> (sde:set-project-name n1)
"./n1"
---> (sdesnmesh:iocontrols outputFile n1)
#t
---> (sde:build-mesh  n1)
#t
---> (system:command svisual n1_msh.tdr &)
0
---> (sde:save-model n1)
#t
---> #[end-of-file]
"************************************************************************"
"Sentaurus Structure Editor "
"Start Time:    Thu Jul 27 12:17:42 2023"
"End   Time:    Thu Jul 27 12:17:44 2023"
"Total Execution Time (sec):    2"
"Total System calls Time (sec): 0"
"************************************************************************"
