****************************************************************************
***                           Sentaurus Device                           ***
***                          Version U-2022.12                           ***
***                      (2.7886616, x86_64, Linux)                      ***
***                                                                      ***
***                       Copyright (C) 1994-2022                        ***
***                            Synopsys, Inc.                            ***
***                                                                      ***
***  This software and the associated documentation are confidential     ***
***  and proprietary to Synopsys, Inc.  Your use or disclosure of this   ***
***  software is subject to the terms and conditions of a written        ***
***  license agreement between you, or your company, and Synopsys, Inc.  ***
****************************************************************************

Compiled Wed Nov  9 19:58:48 PST 2022 on swe-vm-kcr-tcad02 (x86_64, Linux)

	Running on machine with the following configuration:
	Host Name: vcl-vm0-155
	Operating System: Linux rel. 3.10.0-1160.59.1.el7.x86_64 ver. #1 SMP Wed Feb 23 16:47:03 UTC 2022
	Machine Type: x86_64
	Process ID: 62454
	Number of processors: 4
	Domain Name: (none)
	Date: Thu Jul 27 12:18:04 2023  (EDT)

Parsing "/CMC/tools/synopsys/sentaurus_vU-2022.12/tcad/current/lib/Molefraction.txt"
Warning: License feature sdevice_all is about to expire in 22 days
Thu Jul 27 12:18:04 2023: checked out 1 sdevice license(s)
Parsing circuit file /CMC/tools/synopsys/sentaurus_vU-2022.12/tcad/current/linux64/lib/sdevice/sd_SRL1.ccf
Parsing circuit file /CMC/tools/synopsys/sentaurus_vU-2022.12/tcad/current/linux64/lib/sdevice/bs_psource.ccf
Parsing circuit file /CMC/tools/synopsys/sentaurus_vU-2022.12/tcad/current/linux64/lib/sdevice/sd_hb_isource.ccf
Parsing circuit file /CMC/tools/synopsys/sentaurus_vU-2022.12/tcad/current/linux64/lib/sdevice/sd_hb_vsource.ccf
Parsing circuit file /CMC/tools/synopsys/sentaurus_vU-2022.12/tcad/current/linux64/lib/sdevice/sd_hb_sRL.ccf
Parsing circuit file /CMC/tools/synopsys/sentaurus_vU-2022.12/tcad/current/linux64/lib/sdevice/sd_hb_pGC.ccf
Parsing circuit file /CMC/tools/synopsys/sentaurus_vU-2022.12/tcad/current/linux64/lib/sdevice/sd_hb_isource2.ccf
Parsing circuit file /CMC/tools/synopsys/sentaurus_vU-2022.12/tcad/current/linux64/lib/sdevice/sd_hb_vsource2.ccf
Parsing circuit file /CMC/tools/synopsys/sentaurus_vU-2022.12/tcad/current/linux64/lib/scm/ferroelectric.ccf
Parsing circuit file /CMC/tools/synopsys/sentaurus_vU-2022.12/tcad/current/linux64/lib/scm/satinductor.ccf
Parsing circuit file /CMC/tools/synopsys/sentaurus_vU-2022.12/tcad/current/linux64/lib/scm/MOS_harness.ccf
Loading shared object file /CMC/tools/synopsys/sentaurus_vU-2022.12/tcad/current/linux64/lib/scm/MOS_harness.so.linux64
Loading shared object file /CMC/tools/synopsys/sentaurus_vU-2022.12/tcad/current/linux64/lib/scm/satinductor.so.linux64
Loading shared object file /CMC/tools/synopsys/sentaurus_vU-2022.12/tcad/current/linux64/lib/scm/ferroelectric.so.linux64
Loading shared object file /CMC/tools/synopsys/sentaurus_vU-2022.12/tcad/current/linux64/lib/sdevice/sd_hb_vsource2.so.linux64
Loading shared object file /CMC/tools/synopsys/sentaurus_vU-2022.12/tcad/current/linux64/lib/sdevice/sd_hb_isource2.so.linux64
Loading shared object file /CMC/tools/synopsys/sentaurus_vU-2022.12/tcad/current/linux64/lib/sdevice/sd_hb_pGC.so.linux64
Loading shared object file /CMC/tools/synopsys/sentaurus_vU-2022.12/tcad/current/linux64/lib/sdevice/sd_hb_sRL.so.linux64
Loading shared object file /CMC/tools/synopsys/sentaurus_vU-2022.12/tcad/current/linux64/lib/sdevice/sd_hb_vsource.so.linux64
Loading shared object file /CMC/tools/synopsys/sentaurus_vU-2022.12/tcad/current/linux64/lib/sdevice/sd_hb_isource.so.linux64
Loading shared object file /CMC/tools/synopsys/sentaurus_vU-2022.12/tcad/current/linux64/lib/sdevice/bs_psource.so.linux64
Loading shared object file /CMC/tools/synopsys/sentaurus_vU-2022.12/tcad/current/linux64/lib/sdevice/sd_SRL1.so.linux64

Input source: pp2_des.cmd

===============================

Output file: n2_des.log


GlobalParameter {
}
no ACExtract file

PMIPath file: /CMC/tools/synopsys/sentaurus_vU-2022.12/tcad/current/linux64/lib/sdevice-34.2.7886616 /CMC/tools/synopsys/sentaurus_vU-2022.12/tcad/current/linux64/lib/sdevice

CMIPath file: /CMC/tools/synopsys/sentaurus_vU-2022.12/tcad/current/linux64/lib/sdevice /CMC/tools/synopsys/sentaurus_vU-2022.12/tcad/current/linux64/lib/scm

SPICEPath file: /CMC/tools/synopsys/sentaurus_vU-2022.12/tcad/current/lib/sdevice-34.2.7886616/spice

no DevicePath file

no CIRCUITSAVENAME file

no CIRCUITLOADNAME file

Numerical parameters:
  Absolute error : 
    Poisson : 1.0000e-03
    eqPoisson : 1.0000e-03
    Electron : 1.0000e-05
    Hole : 1.0000e-05
    Photon-Rate-Equation : 1.0000e-07
    Photon-Phase-Equation : 1.0000e-05
    Rate-Stabilize-Equation : 1.0000e-07
    QW-Scattering-Equations : 1.0000e-05
    QW-eScattering-Equation : 1.0000e-05
    QW-hScattering-Equation : 1.0000e-05
    Optical Problem : 1.0000e-03
    Wavelength : 1.0000e-03
    Bandstructure : 1.0000e-03
    EmissionTable : 1.0000e-03
    DephasingRates : 1.0000e-03
    Photon Recycling : 1.0000e-03
    Electron-Temperature : 1.0000e-04
    Hole-Temperature : 1.0000e-04
    Lattice-Hole-Electron-Temperature : 1.0000e-03
    Circuit : 1.0000e-03
    TCircuit : 1.0000e-03
    Contact : 1.0000e-03
    TContact : 1.0000e-03
    Continuation : 1.0000e-03
    eLaplace : 1.0000e-03
    hLaplace : 1.0000e-03
    tLaplace : 1.0000e-03
    electron quasi-fermi-potential : 1.0000e-03
    hole quasi-fermi-potential : 1.0000e-03
    MonteCarlo : 1.0000e-03
    MCPoissonPDE : 1.0000e-03
    eQuantumPotential : 1.0000e-03
    hQuantumPotential : 1.0000e-03
    quasi-fermi-potential : 1.0000e-03
    ConductiveInsulator : 1.0000e-03
    ContactAndConductiveInsulator : 1.0000e-03
    SingletExciton : 1.0000e-05
    FEPolarization : 1.0000e-05
    FEPolarizationX : 1.0000e-05
    FEPolarizationY : 1.0000e-05
    FEPolarizationZ : 1.0000e-05
    FEPolDivFree : 1.0000e-03
    eHopping : 1.0000e-03
    hHopping : 1.0000e-03
    HydrogenAtom : 1.0000e-03
    HydrogenMolecule : 1.0000e-03
    HydrogenIon : 1.0000e-03
    HydrogenSpeciesA : 1.0000e-03
    HydrogenSpeciesB : 1.0000e-03
    HydrogenSpeciesC : 1.0000e-03
    HydrogenSiliconBondOccupation : 1.0000e-03
    TrapPDE : 1.0000e-03
    eSHEDistribution : 1.0000e-03
    hSHEDistribution : 1.0000e-03
    Landau-Lifshitz-Gilbert[theta] : 1.0000e-03
    Landau-Lifshitz-Gilbert[phi] : 1.0000e-03
    Landau-Lifshitz-Gilbert[x] : 1.0000e-03
    Landau-Lifshitz-Gilbert[y] : 1.0000e-03
    Landau-Lifshitz-Gilbert[z] : 1.0000e-03
    Mechanics : 1.0000e-03
    ExternalTransportSolver : 1.0000e-03
    ReactionDiffusionPDE : 1.0000e-03
    eDensity_Valley1 : 1.0000e-05
    eDensity_Valley2 : 1.0000e-05
    eDensity_Valley3 : 1.0000e-05
    eDensity_Valley4 : 1.0000e-05
    hDensity_Valley1 : 1.0000e-05
    hDensity_Valley2 : 1.0000e-05
    hDensity_Valley3 : 1.0000e-05
    hDensity_Valley4 : 1.0000e-05
    eMVTransitionRate : 1.0000e-05
    hMVTransitionRate : 1.0000e-05
  RelErrControl (Reference error): 
    Poisson : 0.025852
    eqPoisson : 1
    Electron : 1.0000e+10
    Hole : 1.0000e+10
    Photon-Rate-Equation : 1.0000e-07
    Photon-Phase-Equation : 1
    Rate-Stabilize-Equation : 1.0000e-07
    QW-Scattering-Equations : 1.0000e+10
    QW-eScattering-Equation : 1.0000e+10
    QW-hScattering-Equation : 1.0000e+10
    Optical Problem : 1
    Wavelength : 1
    Bandstructure : 1
    EmissionTable : 1
    DephasingRates : 1
    Photon Recycling : 1
    Electron-Temperature : 3.0000e+02
    Hole-Temperature : 3.0000e+02
    Lattice-Hole-Electron-Temperature : 3.0000e+02
    Circuit : 1
    TCircuit : 1
    Contact : 0.025852
    TContact : 1
    Continuation : 1
    eLaplace : 1
    hLaplace : 1
    tLaplace : 1
    electron quasi-fermi-potential : 0.025852
    hole quasi-fermi-potential : 0.025852
    MonteCarlo : 1
    MCPoissonPDE : 1
    eQuantumPotential : 0.025852
    hQuantumPotential : 0.025852
    quasi-fermi-potential : 0.025852
    ConductiveInsulator : 1
    ContactAndConductiveInsulator : 1
    SingletExciton : 1.0000e+10
    FEPolarization : 0.025852
    FEPolarizationX : 0.025852
    FEPolarizationY : 0.025852
    FEPolarizationZ : 0.025852
    FEPolDivFree : 1
    eHopping : 0.025852
    hHopping : 0.025852
    HydrogenAtom : 1.0000e+10
    HydrogenMolecule : 1.0000e+10
    HydrogenIon : 1.0000e+10
    HydrogenSpeciesA : 1.0000e+10
    HydrogenSpeciesB : 1.0000e+10
    HydrogenSpeciesC : 1.0000e+10
    HydrogenSiliconBondOccupation : 1
    TrapPDE : 1.0000e-05
    eSHEDistribution : 0.025852
    hSHEDistribution : 0.025852
    Landau-Lifshitz-Gilbert[theta] : 1
    Landau-Lifshitz-Gilbert[phi] : 1
    Landau-Lifshitz-Gilbert[x] : 1
    Landau-Lifshitz-Gilbert[y] : 1
    Landau-Lifshitz-Gilbert[z] : 1
    Mechanics : 1
    ExternalTransportSolver : 1
    ReactionDiffusionPDE : 1
    eDensity_Valley1 : 1.0000e+10
    eDensity_Valley2 : 1.0000e+10
    eDensity_Valley3 : 1.0000e+10
    eDensity_Valley4 : 1.0000e+10
    hDensity_Valley1 : 1.0000e+10
    hDensity_Valley2 : 1.0000e+10
    hDensity_Valley3 : 1.0000e+10
    hDensity_Valley4 : 1.0000e+10
    eMVTransitionRate : 1.0000e+10
    hMVTransitionRate : 1.0000e+10
  Relative error : 5 digits
  Without checked transient error
  Max. #iterations : 8
  LineSearchDamping=1
  #undamped iterations : 100
  No incomplete Newton
  transient method : Backward Euler
  Linear solver : ILS
  Linear solver for AC analysis : blocked decomposition
  Linear solver for SHEDistribution Model : Super
  use linear extrapolation in transient/quasistationary computations
  use complex supernodal in ac-analysis (if possible)
  do not use smoothed PDE's in transient/quasistationary computations
  use automatic coupling of contact/circuit stuff
  Spice temperature: 3.0015e+02
  Spice nominal temperature of parameter measurements: 3.0015e+02
  Spice minimum conductance gmin: 1.0000e-12
  Use 64 bit (double) normal precision floating point arithmetic.
  Mininum |rhs| : 1.0000e-05
  Maximum |rhs| (transient): 1.0000e+15
  Maximum |rhs| (non-transient): 1.0000e+100
  Maximum |rhs| factor : 1.0000e+10
  Maximum |rhs| factor1 : 1.0000e+10
  Lattice Temperature Range : (50,5.0000e+03)
  Carrier Temperature Range : (10,8.0000e+04)
  Simplified first order SHE of BTE will be solved
  SHERefinementCutoff : 20
  No user dependencies.
  Number of assembly threads: 1 (command line max_threads)
  Number of solver threads: 1 (command line max_threads)
  Thread stacksize: 1000000 bytes (default)
  Go serial if not enough parallel licenses are available.
  Model: Math  Switched on

Default device parameters:
  Electrodes:
    "Top" : 0.0000e+00 V (Ohmic), area factor : 1
    "Bottom" : 0.0000e+00 V (Ohmic), area factor : 1
  RayTrace Boundaries:
  Files:
    no Boundary file
    Grid file: n1_msh.tdr
    no Doping file
    no MobilityDoping file
    MIMCurrent file: pp2_des_mimcur_des.plt
    no MIMDefects file
    no InitialDefects file
    no CyclicNorm file
    no MIMBand file
    MIMSensitivity file: pp2_des_mimsa_des.tdr
    no Load file
    no Save file
    Plot file: n2_des.tdr
    no DevFieldsName file
    AutoNewtonPlot file: n2_des_%ld_des.tdr
    no Path file
    no Lifetime file
    no Temperature file
    no Current file
    no PMIUserFields file
    no Extraction file
    no ModelParameters file
    ParameterPath directories: 
    no Piezo file
    no mcDOS file
    no ModeGain file
    no Optical emission table for stimulated emission file
    no Optical emission table for spontaneous emission file
    no Optical emission table for photon phase change coefficient file
    no EmissionTable file
    no DephasingRates file
    no OpticalFarField file
    no OpticalIntensityPattern file
    no SaveOpticalIntensityPattern file
    no IlluminationSpectrum file
    no SpectralPlot file
    no OpticalSolverInput file
    no OpticalGenerationInput file
    no OpticalGenerationOutuput file
    no OptGenTransientScaling file
    no MonteCarloInput file
    no MonteCarloOutput file
    no ACPlot file
-----------------------------------------------
  Numerical parameters:
    With avalanche derivatives
    Using New Plot Names
    Using old wavelength search algorithm
    Do not reinitialize quasi Fermi potentials in quasi-stationary simulations
    Ignore ionization integral constraints
    Without diagonal preconditioning
    With Scharfetter-Gummel Discretization
    Relative error : 5 digits
    Delta for numerical tunnelling derivatives : 1.0000e-03
    Do not compute breakdown paths and ionization integrals
    QuasiFermiPotential is used for Contact Equation
    With usage of best vertex in element (maximum element-vertex volume angle) for impact ionization models
-----------------------------------------------
-----------------------------------------------
  Physical models:
    Without incomplete ionization
    Use Si parameters
    TATNonlocalPathNC = 0.0000e+00
    With SRH-Recombination
      Without field dependent lifetimes
      Without doping dependent lifetimes
      Without temperature dependent lifetimes
    Without CDL-Recombination
    With optical generation computation 
    Without Band-to-Band-Tunneling
    Without Auger-Recombination
    Without Radiative Recombination
    Without Surface-Recombination
    Without Trap-Assisted-Auger-Recombination
    PMI recombination models: none
    Without thermal resistance interfaces
    Without distributed resistance interfaces for electrons
    Without distributed resistance interfaces for holes
    Without Piezo
    Without Anisotropic Material Properties
    Without Avalanche-Generation 
    Without Alpha Particle
    Without Heavy Ion
    Without polarization
    Volume charge density: 0.0000e+00 cm^-3
    Device Temperature = 3.0000e+02 K
    Electron Quasi Fermi Potential: 0.0000e+00 V
    Hole Quasi Fermi Potential: 0.0000e+00 V
    Without MagneticField
    With SingletExciton Barrier Type
    Fermi Statistic 
    Intrinsic density models:
      default bandgap model
      Bandgap narrowing model: OldSlotboom with bandgap narrowing (Fermi)
    default affinity model
    default effective mass model
    Electron mobility:
      no Doping dependence (using constant mobility)
      no Carrier-Carrier scattering
      no bulk trap Coulomb scattering 
      no E_normal dependence
      Without ThinLayer mobility model
      no high-field saturation
      Einstein relation for diffusivity-mobility ratio
      no band tail high-field mobility
    Hole mobility:
      no Doping dependence (using constant mobility)
      no Carrier-Carrier scattering
      no bulk trap Coulomb scattering 
      no E_normal dependence
      Without ThinLayer mobility model
      no high-field saturation
      Einstein relation for diffusivity-mobility ratio
      no band tail high-field mobility
    Energy relaxation time model: according to formula in parameter file
    Schottky resistance model: default bult-in model
    Lattice thermal conductivity model: according to formula in parameter file
    Metal Resistivity model: according to formula in parameter file
    Thermo Electric Power model: extraploted Si data
    Metal Thermo Electric Power model: MetalThermoElectricPower model not defined
    Lattice heat capacity model: temperature dependent
    no piezoelectric polarization model
    Without default parameters from file (use built-in default parameters)
-----------------------------------------------
  Process information for extraction purposes:
    none
  Plot variables:
    none

------------------------------------------------
Warning: License feature sdevice-noise_all is about to expire in 22 days
  NoisePlot variables:
    none
  Plot groups:
    none

------------------------------------------------
  CurrentPlot variables:
    none
Devices:
Systems:
Solve :
 Poisson
Coupled ( Digits : 5, Max. #iterations : 8, 
    Solver : ILS,
    #undamped iterations : 100 
    )
    { Poisson Electron Hole } 
Quasistationary ( Digits : 5, Max. #iterations : 8, 
      Initial step in t : 2.5000e-03, 
      Minimum step in t : 1.0000e-05, Maximum step in t : 0.1, 
      Increment : 2, Decrement : 2, 
      Goal values :
        Contact Top : 5V
    )
  {
    Coupled ( Digits : 5, Max. #iterations : 8, 
        Solver : ILS,
        #undamped iterations : 100 
        )
        { Poisson Electron Hole } 
  }

===============================

Reading grid 'n1_msh.tdr' ... 
  coordinate system: UCS, 3d_sprocess (x is device down direction)
  use coordinate system as is (no transformation)
  TDR format
  Number of grid points is 1645.
done.

Adding interfaces and contacts .... done.

Computing edges ...
  Number of edges: 4776
done.
Computing boxes ...

  CVPL_AverageBoxMethod = TRUE 
   
  Boxmethod Parallel Computing: nbThreads = 1 

  Computing Delaunay coefficients ...   done.
  Delaunay coefficients time: (wallclock = 0.0000e+00 s, tcpu = 0.0000e+00 s)

  Parallel Computing Voronoi faces, coefficients, and measures ... 
  CVPL_Algorithm = TRUE 

    Computing Obtuse Elements ... 
     Obtuse Elements time:  tcpu = 0.0000e+00 s
      New Parameters time: (wallclock = 0.0000e+00 s, tcpu = 0.0000e+00 s)

Info for all regions (NumberOfRegions = 5):
        ElementWithMinVolume(  1060) Vertex0( 1584)( 4.500000e+01, 1.900000e+00) Volume = 4.577637e-05 um3 (3.01e-07 from TotalVolume)
          ElementWithMinEdge(   560) Vertex0(  352)( 2.031250e+01, 1.900000e+00) Length = 2.929687e-04 um
              MaxFlatElement(  2463) Vertex0( 1548)( 6.093750e+01, 1.900000e+00)  Angle = 8.941604e+01 degrees
         ElementWithMinAngle(   832) Vertex0( 1036)( 3.656250e+01, 1.900293e+00)  Angle = 8.263814e-03 degrees
   ElementWithMaxQualityEdge(   826) Vertex0( 1036)( 3.453125e+01, 1.900000e+00)    R/L = 3.466667e+03 
 ElementWithMaxQualityHeight(   826) Vertex0( 1036)( 3.453125e+01, 1.900000e+00)    R/H = 3.466667e+03 

Info for semiconductor regions (NumberOfRegions = 5):
        ElementWithMinVolume(  1060) Vertex0( 1584)( 4.500000e+01, 1.900000e+00) Volume = 4.577637e-05 um3 (3.01e-07 from TotalVolume)
          ElementWithMinEdge(   560) Vertex0(  352)( 2.031250e+01, 1.900000e+00) Length = 2.929687e-04 um
              MaxFlatElement(  2463) Vertex0( 1548)( 6.093750e+01, 1.900000e+00)  Angle = 8.941604e+01 degrees
         ElementWithMinAngle(   832) Vertex0( 1036)( 3.656250e+01, 1.900293e+00)  Angle = 8.263814e-03 degrees
   ElementWithMaxQualityEdge(   826) Vertex0( 1036)( 3.453125e+01, 1.900000e+00)    R/L = 3.466667e+03 
 ElementWithMaxQualityHeight(   826) Vertex0( 1036)( 3.453125e+01, 1.900000e+00)    R/H = 3.466667e+03 

   NumberOfEdges              =   4776 
   NumberOfGeometricalEdges   =   4717 
   NumberOfDoubleEdges        =      0 
   MaxNumberOfEdgesPerVertex  =      7; vertex(1516) = ( 5.281250e+01,  1.882422e+00) [um]
   MaxNumberOfElementsPerEdge =      2; edge(0) = (386, 449) 
                                        vertex(386) = ( 2.031250e+01,  2.000000e+00) [um]
                                        vertex(449) = ( 2.234375e+01,  2.001562e+00) [um]

                        NumberOfVertices =   1704 
                        NumberOfElements =   3073 
                       NumberOfTriangles =   3073  (100.00 %)
                      NumberOfRectangles =      0  ( 0.00 %)
                  NumberOfObtuseElements =      0  ( 0.00 %)

  VertexWithMaxMeasure( 1535)( 6.093750e+01, 6.671875e-01)
  MaxVertMeasure(3.872070e-01)/VertVolume(1.936035e-01) = 2.00e+00


/-------- Region non-Delaunay elements ------------------------------------------------------------------------
 Region             Volume      BoxMethodVolume  DeltaVolume  Elements  non-Delaunay      non-DelaunayVolume 
  name               [um2]          [um2]           [%]                   Elements              [um2]   [%]   
 --------------------------------------------------------------------------------------------------------------
 Absorber        2.5000000e+01  2.5000000e+01     4.3e-13       560       0 ( 0.00 %)   0.0000000e+00 ( 0.0000) 
 Charge_Sheet    2.5000000e+00  2.5000000e+00     5.2e-13       502       0 ( 0.00 %)   0.0000000e+00 ( 0.0000) 
 Substrate       3.2500000e+01  3.2500000e+01     1.1e-12       572       0 ( 0.00 %)   0.0000000e+00 ( 0.0000) 
 Multiplication  9.1000000e+01  9.1000000e+01     1.5e-12       963       0 ( 0.00 %)   0.0000000e+00 ( 0.0000) 
 TopGe           1.2500000e+00  1.2500000e+00     9.4e-13       476       0 ( 0.00 %)   0.0000000e+00 ( 0.0000) 
 ..............................................................................................................
 Total           1.5225000e+02  1.5225000e+02     9.5e-12      3073       0 ( 0.00 %)   0.0000000e+00 ( 0.0000) 
\--------------------------------------------------------------------------------------------------------------
    done.
  done.
  (times: wallclock = 0.0000e+00 s, tcpu = 0.0000e+00 s)
done.
Reading doping 'n1_msh.tdr' (TDR format) ...
done.
done.


=======
Region: "Absorber"
  (material is "Germanium")
=======
  Using default lattice crystal coordinate system:
    effective LatticeParameters:
      X = (1, 0.0000e+00, 0.0000e+00)
      Y = (0.0000e+00, 1, 0.0000e+00)
      Z = (0.0000e+00, 0.0000e+00, 1)
  Constants are not modified and equal to default ones

=======
Region: "Charge_Sheet"
  (material is "Silicon")
=======
  Using default lattice crystal coordinate system:
    effective LatticeParameters:
      X = (1, 0.0000e+00, 0.0000e+00)
      Y = (0.0000e+00, 1, 0.0000e+00)
      Z = (0.0000e+00, 0.0000e+00, 1)
  Constants are not modified and equal to default ones

=======
Region: "Multiplication"
  (material is "Silicon")
=======
  Using default lattice crystal coordinate system:
    effective LatticeParameters:
      X = (1, 0.0000e+00, 0.0000e+00)
      Y = (0.0000e+00, 1, 0.0000e+00)
      Z = (0.0000e+00, 0.0000e+00, 1)
  Constants are not modified and equal to default ones

=======
Region: "Substrate"
  (material is "Silicon")
=======
  Using default lattice crystal coordinate system:
    effective LatticeParameters:
      X = (1, 0.0000e+00, 0.0000e+00)
      Y = (0.0000e+00, 1, 0.0000e+00)
      Z = (0.0000e+00, 0.0000e+00, 1)
  Constants are not modified and equal to default ones

=======
Region: "TopGe"
  (material is "Germanium")
=======
  Using default lattice crystal coordinate system:
    effective LatticeParameters:
      X = (1, 0.0000e+00, 0.0000e+00)
      Y = (0.0000e+00, 1, 0.0000e+00)
      Z = (0.0000e+00, 0.0000e+00, 1)
  Constants are not modified and equal to default ones

================
RegionInterface: "Absorber/Charge_Sheet"
  (material interface is "Germanium/Silicon")
================
  Constants are not modified and equal to default ones

================
RegionInterface: "Absorber/TopGe"
  (material interface is "Germanium/Germanium")
================
  Constants are not modified and equal to default ones

================
RegionInterface: "Charge_Sheet/Multiplication"
  (material interface is "Silicon/Silicon")
================
  Constants are not modified and equal to default ones

================
RegionInterface: "Substrate/Multiplication"
  (material interface is "Silicon/Silicon")
================
  Constants are not modified and equal to default ones

==========
Electrode: "Bottom"
==========
  Constants are not modified and equal to default ones

==========
Electrode: "Top"
==========
  Constants are not modified and equal to default ones


Acceptor and donor concentrations (AcceptorConcentration, DonorConcentration):
    computed based on the following species from the doping file:
        PhosphorusActiveConcentration (donor)
        BoronActiveConcentration (acceptor)
Net doping concentration (DopingConcentration):
    obtained from doping file
Total doping concentration (TotalConcentration):
    recomputed from acceptor and donor concentrations


 Region "Absorber" (Material "Germanium"): UNDEFINED model "Scharfetter"
 Region "TopGe" (Material "Germanium"): UNDEFINED model "Scharfetter"

 Check UNDEFINED Models or use Math{-CheckUndefinedModels} to skip this  !

Thu Jul 27 12:18:05 2023: checked in 1 sdevice license(s)
